GROUP-2                                  Date: 20/04/13         Time: 21/29/52

                       GROUP PROJECT - MFD-2
                 COUNTS AND CONTROL TOTALS REPORT

Total amount of S&L transactions:                $22,838.86Total number of S&L records (combined):                  85
Total number of S records:                               69
Total amount of S transactions:                  $19,619.01
Total number of L records:                               16
Total amount of L transactions:                   $3,219.85


Total transaction S&L amount of store 01:         $3,299.87Total transaction S&L amount of store 02:         $5,199.77
Total transaction S&L amount of store 03:         $1,789.91
Total transaction S&L amount of store 04:         $1,489.95
Total transaction S&L amount of store 05:         $1,389.42
Total transaction S&L amount of store 12:         $9,669.94


% number of transactions in Type CA:                  25.88% number of transactions in Type CR:                  27.06
% number of transactions in Type DB:                  47.06


Total number of R records:                               15Total amount of R transactions:                     $609.87


Total transaction R amount of store 01:             $169.96Total transaction R amount of store 02:             $224.96
Total transaction R amount of store 03:               $0.00
Total transaction R amount of store 04:             $109.99
Total transaction R amount of store 05:              $24.99
Total transaction R amount of store 12:              $79.97


Total number of R record of store 01:                  4Total number of R record of store 02:                  5
Total number of R record of store 03:                  0
Total number of R record of store 04:                  2
Total number of R record of store 05:                  1
Total number of R record of store 12:                  3


Total Grand Amount:                              $22,228.99