GROUP-2                                                                              Date: 20/04/13         Time: 21/32/02
                                           GROUP PROJECT - MFD-2


                                     COUNTS AND CONTROL TOTALS REPORT                                           Page No: 1

INPUT TRANSACTION      INPUT TRANSACTION          PAYMENT          STORE           INVOICE         SKU                TAX      CODE                   AMOUNT                 TYPE           NUMBER          NUMBER          CODE              OWED

       R                      24.99                  CR              01          BD-500102      FLW8H4FW8H4FWF4      $3.25
       R                      24.99                  CR              01          BC-200102      FLW8H4FW8H4FWF4      $3.25
       R                      29.99                  DB              01          EB-230107      WI8HRW8H43FJSHF      $3.90
       R                      89.99                  CR              01          EA-260110      WI8HRW8H43FJSHF     $11.70
       R                      24.99                  CR              02          AE-390102      FLW8H4FW8H4FWF4      $3.25
       R                      29.99                  CA              02          CE-510035      SDFSKJ84MS09123      $3.90
       R                      20.00                  CA              02          EA-560215      SDFSKJ84MS09123      $2.60
       R                      24.99                  CR              02          AE-630202      FLW8H4FW8H4FWF4      $3.25
       R                     124.99                  CR              02          CD-740322      F4WO8JFO8W4JFW8     $16.25
       R                      89.99                  CR              04          BE-101510      WI8HRW8H43FJSHF     $11.70
       R                      20.00                  CA              04          DC-107515      SDFSKJ84MS09123      $2.60
       R                      24.99                  CR              05          DC-114502      FLW8H4FW8H4FWF4      $3.25
       R                      29.99                  CA              12          EC-126635      SDFSKJ84MS09123      $3.90
       R                      24.99                  CR              12          AC-130612      ASEDRFT987KIMYT      $3.25
       R                      24.99                  CR              12          CB-138602      FLW8H4FW8H4FWF4      $3.25

Total number of R records:                            15Total number of R amount:                           $609.87


Total transaction R amount of store 01:             $169.96Total transaction R amount of store 02:             $224.96
Total transaction R amount of store 03:               $0.00
Total transaction R amount of store 04:             $109.99
Total transaction R amount of store 05:              $24.99
Total transaction R amount of store 12:              $79.97


Total number of R record of store 01:                  4Total number of R record of store 02:                  5
Total number of R record of store 03:                  0
Total number of R record of store 04:                  2
Total number of R record of store 05:                  1
Total number of R record of store 12:                  3


Total Tax Owed:                                      $79.30